[debug] [2024-05-26T02:42:53.282Z] ----------------------------------------------------------------------
[debug] [2024-05-26T02:42:53.287Z] Command:       C:\Users\Atharv Kulkarni\.nvm\versions\node\v20.11.0\bin\node.exe C:\Users\Atharv Kulkarni\.nvm\versions\node\v20.11.0\bin\node_modules\firebase-tools\lib\bin\firebase.js init
[debug] [2024-05-26T02:42:53.287Z] CLI Version:   13.10.1
[debug] [2024-05-26T02:42:53.288Z] Platform:      win32
[debug] [2024-05-26T02:42:53.288Z] Node Version:  v20.11.0
[debug] [2024-05-26T02:42:53.288Z] Time:          Sun May 26 2024 08:12:53 GMT+0530 (India Standard Time)
[debug] [2024-05-26T02:42:53.288Z] ----------------------------------------------------------------------
[debug] 
[debug] [2024-05-26T02:42:53.299Z] > command requires scopes: ["email","openid","https://www.googleapis.com/auth/cloudplatformprojects.readonly","https://www.googleapis.com/auth/firebase","https://www.googleapis.com/auth/cloud-platform"]
[debug] [2024-05-26T02:42:53.300Z] > authorizing via signed-in user (atharvkulkarni429@gmail.com)
[info] 
     ######## #### ########  ######## ########     ###     ######  ########
     ##        ##  ##     ## ##       ##     ##  ##   ##  ##       ##
     ######    ##  ########  ######   ########  #########  ######  ######
     ##        ##  ##    ##  ##       ##     ## ##     ##       ## ##
     ##       #### ##     ## ######## ########  ##     ##  ######  ########

You're about to initialize a Firebase project in this directory:

  C:\Users\Atharv Kulkarni\Desktop\Off Campus\she-share

[info] 
=== Project Setup
[info] 
[info] First, let's associate this project directory with a Firebase project.
[info] You can create multiple project aliases by running firebase use --add, 
[info] but for now we'll just set up a default project.
[info] 
[debug] [2024-05-26T02:43:18.312Z] > refreshing access token with scopes: []
[debug] [2024-05-26T02:43:18.315Z] >>> [apiv2][query] POST https://www.googleapis.com/oauth2/v3/token [none]
[debug] [2024-05-26T02:43:18.316Z] >>> [apiv2][body] POST https://www.googleapis.com/oauth2/v3/token [omitted]
[debug] [2024-05-26T02:43:18.993Z] <<< [apiv2][status] POST https://www.googleapis.com/oauth2/v3/token 200
[debug] [2024-05-26T02:43:18.994Z] <<< [apiv2][body] POST https://www.googleapis.com/oauth2/v3/token [omitted]
[debug] [2024-05-26T02:43:19.011Z] >>> [apiv2][query] GET https://firebase.googleapis.com/v1beta1/projects pageSize=100
[debug] [2024-05-26T02:43:20.011Z] <<< [apiv2][status] GET https://firebase.googleapis.com/v1beta1/projects 200
[debug] [2024-05-26T02:43:20.011Z] <<< [apiv2][body] GET https://firebase.googleapis.com/v1beta1/projects [omitted]
[info] i  Using project sheshare-30188 (SheShare) 
[info] 
=== Hosting Setup
[debug] [2024-05-26T02:43:22.247Z] >>> [apiv2][query] GET https://firebase.googleapis.com/v1beta1/projects/sheshare-30188 [none]
[debug] [2024-05-26T02:43:22.579Z] <<< [apiv2][status] GET https://firebase.googleapis.com/v1beta1/projects/sheshare-30188 200
[debug] [2024-05-26T02:43:22.579Z] <<< [apiv2][body] GET https://firebase.googleapis.com/v1beta1/projects/sheshare-30188 {"projectId":"sheshare-30188","projectNumber":"650495524755","displayName":"SheShare","name":"projects/sheshare-30188","resources":{"hostingSite":"sheshare-30188"},"state":"ACTIVE","etag":"1_3b90dbc7-938a-4814-a290-da43fde9190e"}
[info] 
[info] Your public directory is the folder (relative to your project directory) that
[info] will contain Hosting assets to be uploaded with firebase deploy. If you
[info] have a build process for your assets, use your build's output directory.
[info] 
